<?xml version="1.0" encoding="UTF-8"?>
<testsuite xmlns:xsi="http://www.w3.org/2001/XMLSchema-instance" xsi:noNamespaceSchemaLocation="https://maven.apache.org/surefire/maven-surefire-plugin/xsd/surefire-test-report-3.0.xsd" version="3.0" name="StepDefinitions.TestRunner" time="11.956" tests="4" errors="0" skipped="0" failures="0">
  <properties>
[...]
</properties>
  <testcase name="Add Money İşlemi" classname="Add Money İslemi" time="6.019">
    <system-out><![CDATA[
Scenario: Add Money Ä°ÅŸlemi                                                   # src/test/resources/Features/AddMoney.feature:4
  Given "https://catchylabs-webclient.testinium.com/signIn" adresine gidilir # StepDefinitions.LoginSteps.goToUrl(java.lang.String)
  When KullanÄ±cÄ± "mryyavuz" ve "test1234" bilgileriyle giriÅŸ yapar           # StepDefinitions.LoginSteps.kullaniciVeIleGirisYapar(java.lang.String,java.lang.String)
  Then SayfanÄ±n yÃ¼klendiÄŸi gÃ¶rÃ¼lÃ¼r                                           # StepDefinitions.LoginSteps.sayfaBasariliYuklendi()
  Given Open Money Transfer butonuna tÄ±klayÄ±n                                # StepDefinitions.TransferMoneyIslemiSteps.openMoneyButonunaTikla()
  Then My Account sayfasÄ±nÄ±n yÃ¼klendiÄŸi gÃ¶rÃ¼lÃ¼r                              # StepDefinitions.TransferMoneyIslemiSteps.mySayfaBasariliYuklendi()
  Given Add money butonuna tÄ±kla                                             # StepDefinitions.AddMoneySteps.addMoneyTikla()
Hata: 12 hane üzerinde kart numarası olamaz
  Given Card number alanÄ±na "12312312312311" degeri girilir                  # StepDefinitions.AddMoneySteps.cardNumberGiris(java.lang.String)
  Given Card holder alanÄ±na "Miray" degeri girilir                           # StepDefinitions.AddMoneySteps.cardHolderGiris(java.lang.String)
  Given Expiry date alanÄ± ay "10" degeri girilir                             # StepDefinitions.AddMoneySteps.expiryDateGiris(java.lang.String)
  Given Expiry date alanÄ±n yÄ±l "25" degeri girilir                           # StepDefinitions.AddMoneySteps.expiryDateGiris2(java.lang.String)
  Given CVV alanÄ±na "111" degeri girilir                                     # StepDefinitions.AddMoneySteps.cvvGiris(java.lang.String)
  Given Add money amonunt alanÄ±na 100 degerini gir                           # StepDefinitions.AddMoneySteps.amountGiris(int)
  When Add butonu aktif mi                                                   # StepDefinitions.AddMoneySteps.addButtonAktifMi()
  Given Add butonu tÄ±kla                                                     # StepDefinitions.AddMoneySteps.addButtonTikla()
]]></system-out>
    <system-err><![CDATA[SLF4J(W): No SLF4J providers were found.
SLF4J(W): Defaulting to no-operation (NOP) logger implementation
SLF4J(W): See https://www.slf4j.org/codes.html#noProviders for further details.
Starting ChromeDriver 132.0.6834.159 (2d77d3fc4452661469b78f115e0aed4d71269739-refs/branch-heads/6834@{#4408}) on port 26146
Only local connections are allowed.
Please see https://chromedriver.chromium.org/security-considerations for suggestions on keeping ChromeDriver safe.
ChromeDriver was started successfully on port 26146.
Şub 02, 2025 3:19:08 ÖS org.openqa.selenium.remote.ProtocolHandshake createSession
INFO: Detected dialect: W3C
]]></system-err>
  </testcase>
  <testcase name="Edit Account İşlemi" classname="Edit Account İşlemi" time="1.726">
    <system-out><![CDATA[
Scenario: Edit Account Ä°ÅŸlemi                                                # src/test/resources/Features/EditAccount.feature:4
  Given "https://catchylabs-webclient.testinium.com/signIn" adresine gidilir # StepDefinitions.LoginSteps.goToUrl(java.lang.String)
Username alanı bulunamadı!
no such element: Unable to locate element: {"method":"xpath","selector":"//input[contains(@placeholder,'Username')]"}
  (Session info: chrome=132.0.6834.160)
For documentation on this error, please visit: https://www.seleniumhq.org/exceptions/no_such_element.html
Build info: version: '3.141.59', revision: 'e82be7d358', time: '2018-11-14T08:17:03'
System info: host: 'HUAWEI', ip: '192.168.1.89', os.name: 'Windows 11', os.arch: 'amd64', os.version: '10.0', java.version: '11.0.25'
Driver info: org.openqa.selenium.chrome.ChromeDriver
Capabilities {acceptInsecureCerts: false, browserName: chrome, browserVersion: 132.0.6834.160, chrome: {chromedriverVersion: 132.0.6834.159 (2d77d3fc445..., userDataDir: C:\Users\mryzn\AppData\Loca...}, fedcm:accounts: true, goog:chromeOptions: {debuggerAddress: localhost:9392}, javascriptEnabled: true, networkConnectionEnabled: false, pageLoadStrategy: normal, platform: WINDOWS, platformName: WINDOWS, proxy: Proxy(), setWindowRect: true, strictFileInteractability: false, timeouts: {implicit: 0, pageLoad: 300000, script: 30000}, unhandledPromptBehavior: dismiss and notify, webauthn:extension:credBlob: true, webauthn:extension:largeBlob: true, webauthn:extension:minPinLength: true, webauthn:extension:prf: true, webauthn:virtualAuthenticators: true}
Session ID: e07a4dd9db48db2c165f0bfc98c9a212
*** Element info: {Using=xpath, value=//input[contains(@placeholder,'Username')]}
  When KullanÄ±cÄ± "mryyavuz" ve "test1234" bilgileriyle giriÅŸ yapar           # StepDefinitions.LoginSteps.kullaniciVeIleGirisYapar(java.lang.String,java.lang.String)
  Then SayfanÄ±n yÃ¼klendiÄŸi gÃ¶rÃ¼lÃ¼r                                           # StepDefinitions.LoginSteps.sayfaBasariliYuklendi()
  Given Open Money Transfer butonuna tÄ±klayÄ±n                                # StepDefinitions.TransferMoneyIslemiSteps.openMoneyButonunaTikla()
  Given Edit account butonuna tÄ±klanÄ±r                                       # StepDefinitions.EditAccount.editAccountTikla()
  Given Account name alanÄ±na "name" degeri girilir                           # StepDefinitions.EditAccount.accountName(java.lang.String)
  Then Update butonu aktif mi                                                # StepDefinitions.EditAccount.updateButonAktifMi()
  Given Update butonu tÄ±kla                                                  # StepDefinitions.EditAccount.updateButonTikla()
]]></system-out>
  </testcase>
  <testcase name="Geçerli bilgilerle giriş yapma" classname="Kullanıcı Girişi" time="0.675">
    <system-out><![CDATA[
Scenario: GeÃ§erli bilgilerle giriÅŸ yapma                                     # src/test/resources/Features/Login.feature:4
  Given "https://catchylabs-webclient.testinium.com/signIn" adresine gidilir # StepDefinitions.LoginSteps.goToUrl(java.lang.String)
Username alanı bulunamadı!
no such element: Unable to locate element: {"method":"xpath","selector":"//input[contains(@placeholder,'Username')]"}
  (Session info: chrome=132.0.6834.160)
For documentation on this error, please visit: https://www.seleniumhq.org/exceptions/no_such_element.html
Build info: version: '3.141.59', revision: 'e82be7d358', time: '2018-11-14T08:17:03'
System info: host: 'HUAWEI', ip: '192.168.1.89', os.name: 'Windows 11', os.arch: 'amd64', os.version: '10.0', java.version: '11.0.25'
Driver info: org.openqa.selenium.chrome.ChromeDriver
Capabilities {acceptInsecureCerts: false, browserName: chrome, browserVersion: 132.0.6834.160, chrome: {chromedriverVersion: 132.0.6834.159 (2d77d3fc445..., userDataDir: C:\Users\mryzn\AppData\Loca...}, fedcm:accounts: true, goog:chromeOptions: {debuggerAddress: localhost:9392}, javascriptEnabled: true, networkConnectionEnabled: false, pageLoadStrategy: normal, platform: WINDOWS, platformName: WINDOWS, proxy: Proxy(), setWindowRect: true, strictFileInteractability: false, timeouts: {implicit: 0, pageLoad: 300000, script: 30000}, unhandledPromptBehavior: dismiss and notify, webauthn:extension:credBlob: true, webauthn:extension:largeBlob: true, webauthn:extension:minPinLength: true, webauthn:extension:prf: true, webauthn:virtualAuthenticators: true}
Session ID: e07a4dd9db48db2c165f0bfc98c9a212
*** Element info: {Using=xpath, value=//input[contains(@placeholder,'Username')]}
  When KullanÄ±cÄ± "mryyavuz" ve "test1234" bilgileriyle giriÅŸ yapar           # StepDefinitions.LoginSteps.kullaniciVeIleGirisYapar(java.lang.String,java.lang.String)
  Then SayfanÄ±n yÃ¼klendiÄŸi gÃ¶rÃ¼lÃ¼r                                           # StepDefinitions.LoginSteps.sayfaBasariliYuklendi()
]]></system-out>
  </testcase>
  <testcase name="Transfer Money İşlemi" classname="Transfer Money İslemi" time="2.259">
    <system-out><![CDATA[
Scenario: Transfer Money Ä°ÅŸlemi                                              # src/test/resources/Features/TransferMoneyIslemi.feature:4
  Given "https://catchylabs-webclient.testinium.com/signIn" adresine gidilir # StepDefinitions.LoginSteps.goToUrl(java.lang.String)
Username alanı bulunamadı!
no such element: Unable to locate element: {"method":"xpath","selector":"//input[contains(@placeholder,'Username')]"}
  (Session info: chrome=132.0.6834.160)
For documentation on this error, please visit: https://www.seleniumhq.org/exceptions/no_such_element.html
Build info: version: '3.141.59', revision: 'e82be7d358', time: '2018-11-14T08:17:03'
System info: host: 'HUAWEI', ip: '192.168.1.89', os.name: 'Windows 11', os.arch: 'amd64', os.version: '10.0', java.version: '11.0.25'
Driver info: org.openqa.selenium.chrome.ChromeDriver
Capabilities {acceptInsecureCerts: false, browserName: chrome, browserVersion: 132.0.6834.160, chrome: {chromedriverVersion: 132.0.6834.159 (2d77d3fc445..., userDataDir: C:\Users\mryzn\AppData\Loca...}, fedcm:accounts: true, goog:chromeOptions: {debuggerAddress: localhost:9392}, javascriptEnabled: true, networkConnectionEnabled: false, pageLoadStrategy: normal, platform: WINDOWS, platformName: WINDOWS, proxy: Proxy(), setWindowRect: true, strictFileInteractability: false, timeouts: {implicit: 0, pageLoad: 300000, script: 30000}, unhandledPromptBehavior: dismiss and notify, webauthn:extension:credBlob: true, webauthn:extension:largeBlob: true, webauthn:extension:minPinLength: true, webauthn:extension:prf: true, webauthn:virtualAuthenticators: true}
Session ID: e07a4dd9db48db2c165f0bfc98c9a212
*** Element info: {Using=xpath, value=//input[contains(@placeholder,'Username')]}
  When KullanÄ±cÄ± "mryyavuz" ve "test1234" bilgileriyle giriÅŸ yapar           # StepDefinitions.LoginSteps.kullaniciVeIleGirisYapar(java.lang.String,java.lang.String)
  Then SayfanÄ±n yÃ¼klendiÄŸi gÃ¶rÃ¼lÃ¼r                                           # StepDefinitions.LoginSteps.sayfaBasariliYuklendi()
  Given Open Money Transfer butonuna tÄ±klayÄ±n                                # StepDefinitions.TransferMoneyIslemiSteps.openMoneyButonunaTikla()
  Then My Account sayfasÄ±nÄ±n yÃ¼klendiÄŸi gÃ¶rÃ¼lÃ¼r                              # StepDefinitions.TransferMoneyIslemiSteps.mySayfaBasariliYuklendi()
  Given Transfer Money butonuna tÄ±klayÄ±n                                     # StepDefinitions.TransferMoneyIslemiSteps.transferMoneyButtonTikla()
  When Sender account alanÄ±n dolu oldugu kontrol edilir                      # StepDefinitions.TransferMoneyIslemiSteps.senderAccountDolu()
  When Receiver account alanÄ±n dolu olugu kontrol edilir                     # StepDefinitions.TransferMoneyIslemiSteps.recevierAccountDolu()
  Given Transfer money amount alanÄ±na 50 degeri gir                          # StepDefinitions.TransferMoneyIslemiSteps.amonuntDegerGir(int)
  When Transfer money send butonu tÄ±klanabilir mi                            # StepDefinitions.TransferMoneyIslemiSteps.sendAktifMi()
  Given Transfer Send butonu aktif ise tÄ±kla                                 # StepDefinitions.TransferMoneyIslemiSteps.sendButonTikla()
  Then My Account sayfasÄ±nÄ±n yÃ¼klendiÄŸi gÃ¶rÃ¼lÃ¼r                              # StepDefinitions.TransferMoneyIslemiSteps.mySayfaBasariliYuklendi()
]]></system-out>
  </testcase>
</testsuite>